#
# A fatal error has been detected by the Java Runtime Environment:
#
#  EXCEPTION_ACCESS_VIOLATION (0xc0000005) at pc=0x000007f851c2daa4, pid=6424, tid=9768
#
# JRE version: 7.0-b147
# Java VM: Java HotSpot(TM) 64-Bit Server VM (21.0-b17 mixed mode windows-amd64 compressed oops)
# Problematic frame:
# C  [ntdll.dll+0x6daa4]
#
# Failed to write core dump. Minidumps are not enabled by default on client versions of Windows
#
# If you would like to submit a bug report, please visit:
#   http://bugreport.sun.com/bugreport/crash.jsp
#

---------------  T H R E A D  ---------------

Current thread (0x00000000022dc800):  JavaThread "main" [_thread_in_vm, id=9768, stack(0x0000000002320000,0x0000000002420000)]

siginfo: ExceptionCode=0xc0000005, writing address 0x0000000000000010

Registers:
RAX=0x00000000022bfd5e, RBX=0x0000000000000001, RCX=0x00000000022bfd50, RDX=0x0000000000000000
RSP=0x000000000241ece0, RBP=0x000000000241ee10, RSI=0xffffffffffffffff, RDI=0x0000000000000000
R8 =0x00000000022bfd50, R9 =0x0000000000000000, R10=0x000007f851cf8050, R11=0xffffffffa78e0f01
R12=0x00000000022dd030, R13=0x0000000000000000, R14=0x00000000581f0000, R15=0x00000000006eda00
RIP=0x000007f851c2daa4, EFLAGS=0x0000000000010246

Top of Stack: (sp=0x000000000241ece0)
0x000000000241ece0:   00000000022dc800 00000000583c62c0
0x000000000241ecf0:   0000000000000000 0000000000000000
0x000000000241ed00:   00000000006ebc90 000007f851bd5473
0x000000000241ed10:   0000000000000001 0000000000000000
0x000000000241ed20:   00000000022dc800 ffffffffffffffff
0x000000000241ed30:   000000077ee01d50 00000000022dc800
0x000000000241ed40:   00000000022dd320 00000000583c62c0
0x000000000241ed50:   0000000000000000 0000000000000000
0x000000000241ed60:   00000000022dcde0 00000000022dd1b8
0x000000000241ed70:   0000000000000000 0000000000000000
0x000000000241ed80:   0000000000000000 000000000241ef70
0x000000000241ed90:   00000000022dc800 00000000582f3bf0
0x000000000241eda0:   0000000002436cd1 00000000583f851f
0x000000000241edb0:   000000000251ff40 00000000583f2ce3
0x000000000241edc0:   000000077eeb5998 00000000583b1446
0x000000000241edd0:   000000077ee02da0 000000000241ef28 

Instructions: (pc=0x000007f851c2daa4)
0x000007f851c2da84:   0f b1 0d 05 a6 0c 00 48 8b d0 0f 84 b3 c1 fa ff
0x000007f851c2da94:   a8 02 74 d4 e9 ec 57 03 00 cc 49 8b c9 4d 8b 09
0x000007f851c2daa4:   49 89 49 10 49 8b 51 08 48 85 d2 74 ed 4d 3b c8
0x000007f851c2dab4:   0f 84 ab d4 fe ff 49 89 50 08 e9 a2 d4 fe ff cc 


Register to memory mapping:

RAX=0x00000000022bfd5e is an unknown value
RBX=0x0000000000000001 is an unknown value
RCX=0x00000000022bfd50 is an unknown value
RDX=0x0000000000000000 is an unknown value
RSP=0x000000000241ece0 is pointing into the stack for thread: 0x00000000022dc800
RBP=0x000000000241ee10 is pointing into the stack for thread: 0x00000000022dc800
RSI=0xffffffffffffffff is an unknown value
RDI=0x0000000000000000 is an unknown value
R8 =0x00000000022bfd50 is an unknown value
R9 =0x0000000000000000 is an unknown value
R10=0x000007f851cf8050 is an unknown value
R11=0xffffffffa78e0f01 is an unknown value
R12=0x00000000022dd030 is an unknown value
R13=0x0000000000000000 is an unknown value
R14=0x00000000581f0000 is an unknown value
R15=0x00000000006eda00 is an unknown value


Stack: [0x0000000002320000,0x0000000002420000],  sp=0x000000000241ece0,  free space=1019k
Native frames: (J=compiled Java code, j=interpreted, Vv=VM code, C=native code)
C  [ntdll.dll+0x6daa4]  wcsncat_s+0x284

Java frames: (J=compiled Java code, j=interpreted, Vv=VM code)
j  java.security.AccessController.getStackAccessControlContext()Ljava/security/AccessControlContext;+0
j  java.security.AccessController.getContext()Ljava/security/AccessControlContext;+0
j  java.lang.Thread.init(Ljava/lang/ThreadGroup;Ljava/lang/Runnable;Ljava/lang/String;J)V+149
j  java.lang.Thread.<init>(Ljava/lang/ThreadGroup;Ljava/lang/String;)V+45
v  ~StubRoutines::call_stub

---------------  P R O C E S S  ---------------

Java Threads: ( => current thread )
=>0x00000000022dc800 JavaThread "main" [_thread_in_vm, id=9768, stack(0x0000000002320000,0x0000000002420000)]

Other Threads:
  0x00000000060ed800 VMThread [stack: 0x0000000006820000,0x0000000006920000] [id=4440]

VM state:not at safepoint (normal execution)

VM Mutex/Monitor currently owned by a thread: None

Heap
 PSYoungGen      total 37056K, used 636K [0x00000007d6ab0000, 0x00000007d9400000, 0x0000000800000000)
  eden space 31808K, 2% used [0x00000007d6ab0000,0x00000007d6b4f110,0x00000007d89c0000)
  from space 5248K, 0% used [0x00000007d8ee0000,0x00000007d8ee0000,0x00000007d9400000)
  to   space 5248K, 0% used [0x00000007d89c0000,0x00000007d89c0000,0x00000007d8ee0000)
 PSOldGen        total 84672K, used 0K [0x0000000784000000, 0x00000007892b0000, 0x00000007d6ab0000)
  object space 84672K, 0% used [0x0000000784000000,0x0000000784000000,0x00000007892b0000)
 PSPermGen       total 21248K, used 727K [0x000000077ee00000, 0x00000007802c0000, 0x0000000784000000)
  object space 21248K, 3% used [0x000000077ee00000,0x000000077eeb5f88,0x00000007802c0000)

Code Cache  [0x0000000002530000, 0x00000000027a0000, 0x0000000005530000)
 total_blobs=60 nmethods=0 adapters=33 free_code_cache=48827Kb largest_free_block=49998976

Dynamic libraries:
0x000007f7fa8b0000 - 0x000007f7fa8e3000 	C:\Program Files\Java\jdk1.7\bin\javaw.exe
0x000007f851bc0000 - 0x000007f851d80000 	C:\Windows\SYSTEM32\ntdll.dll
0x000007f84ff10000 - 0x000007f850046000 	C:\Windows\system32\KERNEL32.DLL
0x000007f84df90000 - 0x000007f84e083000 	C:\Windows\system32\KERNELBASE.dll
0x000007f84fc70000 - 0x000007f84fd4e000 	C:\Windows\system32\ADVAPI32.dll
0x000007f8503b0000 - 0x000007f8504fc000 	C:\Windows\system32\USER32.dll
0x000007f84b590000 - 0x000007f84b7fa000 	C:\Windows\WinSxS\amd64_microsoft.windows.common-controls_6595b64144ccf1df_6.0.9200.16579_none_418ab7ef718b27ef\COMCTL32.dll
0x000007f850500000 - 0x000007f8505a5000 	C:\Windows\system32\msvcrt.dll
0x000007f850890000 - 0x000007f8508d8000 	C:\Windows\SYSTEM32\sechost.dll
0x000007f84fdc0000 - 0x000007f84ff05000 	C:\Windows\system32\RPCRT4.dll
0x000007f850050000 - 0x000007f850191000 	C:\Windows\system32\GDI32.dll
0x000007f850900000 - 0x000007f850939000 	C:\Windows\system32\IMM32.DLL
0x000007f84e5d0000 - 0x000007f84e6e6000 	C:\Windows\system32\MSCTF.dll
0x000007f83cbd0000 - 0x000007f83cbd9000 	C:\PROGRA~2\MOVIES~1\Datamngr\x64\mgrldr.dll
0x0000000058900000 - 0x00000000589d1000 	C:\Program Files\Java\jdk1.7\jre\bin\msvcr100.dll
0x0000000058230000 - 0x00000000588fe000 	C:\Program Files\Java\jdk1.7\jre\bin\server\jvm.dll
0x000007f84a810000 - 0x000007f84a819000 	C:\Windows\SYSTEM32\WSOCK32.dll
0x000007f847c30000 - 0x000007f847c50000 	C:\Windows\SYSTEM32\WINMM.dll
0x000007f84fdb0000 - 0x000007f84fdb7000 	C:\Windows\system32\PSAPI.DLL
0x000007f84fd50000 - 0x000007f84fda8000 	C:\Windows\system32\WS2_32.dll
0x000007f847960000 - 0x000007f847993000 	C:\Windows\SYSTEM32\WINMMBASE.dll
0x000007f850b40000 - 0x000007f850b49000 	C:\Windows\system32\NSI.dll
0x000007f84df40000 - 0x000007f84df8f000 	C:\Windows\SYSTEM32\cfgmgr32.dll
0x000007f84e0f0000 - 0x000007f84e112000 	C:\Windows\system32\DEVOBJ.dll
0x0000000058220000 - 0x000000005822f000 	C:\Program Files\Java\jdk1.7\jre\bin\verify.dll
0x00000000581f0000 - 0x0000000058218000 	C:\Program Files\Java\jdk1.7\jre\bin\java.dll
0x00000000581d0000 - 0x00000000581e5000 	C:\Program Files\Java\jdk1.7\jre\bin\zip.dll

VM Arguments:
jvm_args: -Dmaven.home=EMBEDDED -Dclassworlds.conf=C:\Users\Emiliano\workspace\.metadata\.plugins\org.eclipse.m2e.core\launches\m2conf7565468884901564564.tmp -Dfile.encoding=Cp1252 
java_command: org.codehaus.plexus.classworlds.launcher.Launcher -B install
Launcher Type: SUN_STANDARD

Environment Variables:
JAVA_HOME=C:\Program Files\Java\jdk1.7
PATH=C:\Program Files (x86)\AMD APP\bin\x86_64;C:\Program Files (x86)\AMD APP\bin\x86;E:\app\Emiliano\product\11.2.0\client_1\bin;E:\app\Emiliano\product\11.2.0\dbhome_1\bin;E:\app\admin\product\12.1.0\dbhome_1\bin;E:\app\root\product\12.1.0\dbhome_1\bin;E:\app\dragonrojo\product\12.1.0\dbhome_1\bin;C:\oraclexe\app\oracle\product\11.2.0\server\bin;;C:\Windows\system32;C:\Windows;C:\Windows\System32\Wbem;C:\Windows\System32\WindowsPowerShell\v1.0\;C:\Program Files (x86)\apache-maven-2.2.1\bin;C:\Program Files\MySQL\MySQL Enterprise Backup 3.8.2\;C:\Program Files (x86)\ATI Technologies\ATI.ACE\Core-Static
USERNAME=Emiliano
OS=Windows_NT
PROCESSOR_IDENTIFIER=AMD64 Family 16 Model 5 Stepping 3, AuthenticAMD



---------------  S Y S T E M  ---------------

OS: Windows NT 6.2 Build 9200 

CPU:total 4 (4 cores per cpu, 1 threads per core) family 16 model 5 stepping 3, cmov, cx8, fxsr, mmx, sse, sse2, sse3, popcnt, mmxext, 3dnowpref, lzcnt, sse4a

Memory: 4k page, physical 8125424k(3565720k free), swap 11271152k(3826456k free)

vm_info: Java HotSpot(TM) 64-Bit Server VM (21.0-b17) for windows-amd64 JRE (1.7.0-b147), built on Jun 27 2011 02:19:45 by "java_re" with unknown MS VC++:1600

time: Mon Nov 04 21:47:14 2013
elapsed time: 0 seconds

